
 | Global Training Round : 1 |

----------------------------------------------------
Client 14 training......
---------------------
the FedAvg is training now....
---------------------
local model training finished, the epoch loss is [139.09746479988098, 46.312003230079426, 7.738616165457643, 1.8556894467728853, 0.8795642044419765, 0.23947140890140872]
---------------------
the FedCav is training now....
---------------------
local model training finished, the epoch loss is [142.99024486541748, 43.67534602765227, 1.6520693195088825, 1.4340463195101165, 1.003544638777953, 0.3860896108300693]
---------------------
the FedProx is training now....
---------------------

 | Global Training Round : 1 |

----------------------------------------------------
Client 10 training......
---------------------
the FedAvg is training now....
---------------------
local model training finished, the epoch loss is [143.94162797927856, 42.16258210001979, 1.8868286049346352, 0.273034648020257, 0.08604036337987964, 0.08654568198016932]
---------------------
the FedCav is training now....
---------------------
local model training finished, the epoch loss is [140.5311369895935, 43.09555786746205, 3.4299899972131236, 0.15212179068964815, 0.051497842958042384, 0.017874612639644738]
---------------------
the FedProx is training now....
---------------------
local model training finished, the epoch loss is [139.68303418159485, 42.18074990808964, 13.46214446797967, 11.066615048795938, 11.865910835564137, 13.722725134342909]
----------------------------------------------------
Client 59 training......
---------------------
the FedAvg is training now....
---------------------
local model training finished, the epoch loss is [138.75882053375244, 48.23779774829745, 6.354560306775966, 0.9456815508583531, 0.3286747333745552, 0.37831877993221497]
---------------------
the FedCav is training now....
---------------------
local model training finished, the epoch loss is [137.33815383911133, 48.83333469182253, 5.6367610914458055, 1.5525933076683032, 0.40690444558276795, 0.022548822033002125]
---------------------
the FedProx is training now....
---------------------
local model training finished, the epoch loss is [138.69411754608154, 51.73598515987396, 26.614627057686448, 19.5079245865345, 19.840754121541977, 22.50820542871952]
----------------------------------------------------
Client 18 training......
---------------------
the FedAvg is training now....
---------------------
local model training finished, the epoch loss is [133.68311262130737, 37.45294799981639, 3.8051781384531864, 1.3260144215676775, 1.2249466804808335, 0.8739150104790951]
---------------------
the FedCav is training now....
---------------------
local model training finished, the epoch loss is [143.7204885482788, 43.544925907270226, 3.603851357112717, 1.9414081692357286, 0.04755195381255817, 0.01892837439041628]
---------------------
the FedProx is training now....
---------------------
local model training finished, the epoch loss is [135.18616032600403, 50.62902267277241, 12.1275994181633, 12.816104386001825, 17.31844939524308, 16.14222428202629]
----------------------------------------------------
Client 39 training......
---------------------
the FedAvg is training now....
---------------------
local model training finished, the epoch loss is [141.06075167655945, 47.35576454550028, 6.3166682595037855, 2.7628709055425134, 0.8824661424146143, 0.8628181626754667]
---------------------
the FedCav is training now....
---------------------
local model training finished, the epoch loss is [139.26344227790833, 50.19504867121577, 4.099642561996006, 1.7211558177004918, 0.47352698817803685, 0.07941148677991805]
---------------------
the FedProx is training now....
---------------------
local model training finished, the epoch loss is [139.30430936813354, 46.067747224122286, 19.594457785831764, 17.91998410713859, 25.02622795663774, 19.828492660075426]
----------------------------------------------------
Client 31 training......
---------------------
the FedAvg is training now....
---------------------
local model training finished, the epoch loss is [139.57828736305237, 47.69839193478401, 6.569900895345199, 5.040297626879692, 2.309114183357451, 0.8851912222662577]
---------------------
the FedCav is training now....
---------------------
local model training finished, the epoch loss is [136.01775121688843, 44.8820972449588, 6.839359946272452, 3.0138448304496706, 1.50906504261593, 0.7144463457352686]
---------------------
the FedProx is training now....
---------------------
local model training finished, the epoch loss is [136.74655532836914, 51.177368223667145, 21.40755629260093, 13.035534754395485, 13.064934369176626, 14.983046561479568]
----------------------------------------------------
Client 81 training......
---------------------
the FedAvg is training now....
---------------------
local model training finished, the epoch loss is [139.55124378204346, 47.89384565781802, 5.328871786245145, 1.151953399865306, 0.3558590358034053, 0.048911383968743394]
---------------------
the FedCav is training now....
---------------------
local model training finished, the epoch loss is [135.94023966789246, 45.1703165799845, 4.503744108194951, 1.837551627772882, 0.06911406496783457, 0.012085188662695145]
---------------------
the FedProx is training now....
---------------------
local model training finished, the epoch loss is [136.62592816352844, 52.64480547606945, 21.96370792388916, 18.510240770876408, 15.973472405225039, 13.58359719440341]
----------------------------------------------------
Client 26 training......
---------------------
the FedAvg is training now....
---------------------
local model training finished, the epoch loss is [139.14496302604675, 47.545472101308405, 5.55819261824945, 0.259345806643978, 0.08117508424311382, 0.027147399368288916]
---------------------
the FedCav is training now....
---------------------
local model training finished, the epoch loss is [137.35777020454407, 41.29335348098539, 8.492803863804056, 1.192316290556846, 0.5785266992379547, 0.1434845202438737]
---------------------
the FedProx is training now....
---------------------
local model training finished, the epoch loss is [139.0702841281891, 51.58097568154335, 15.706521203741431, 16.862072996795177, 15.911321368068457, 14.206936832517385]
----------------------------------------------------
Client 14 training......
---------------------
the FedAvg is training now....
---------------------
local model training finished, the epoch loss is [141.08956670761108, 57.13633670657873, 6.73051621785271, 1.9190690337673004, 2.812979335030832, 0.8600190870497499]
---------------------
the FedCav is training now....
---------------------
local model training finished, the epoch loss is [139.30544590950012, 55.29772490262985, 7.992582135522753, 2.190286231886045, 1.063297394048277, 0.984287317009148]
---------------------
the FedProx is training now....
---------------------
local model training finished, the epoch loss is [139.35462403297424, 50.576175367459655, 14.608522273600101, 15.438842996954918, 17.413111492991447, 19.410162253305316]
----------------------------------------------------
Client 8 training......
---------------------
the FedAvg is training now....
---------------------
local model training finished, the epoch loss is [139.15593671798706, 51.555178590118885, 4.4513242825560155, 2.37282429212064, 0.5569697146183898, 0.03776948926667956]
---------------------
the FedCav is training now....
---------------------
local model training finished, the epoch loss is [139.95529699325562, 54.41385765373707, 5.967578969466558, 1.3881291624311416, 0.3464083491162455, 0.4473774355012097]
---------------------
the FedProx is training now....
---------------------
local model training finished, the epoch loss is [139.68675231933594, 59.41549435257912, 22.414442848414183, 18.026047743856907, 19.486093681305647, 25.12489555031061]
----------------------------------------------------
Client 42 training......
---------------------
the FedAvg is training now....
---------------------
local model training finished, the epoch loss is [136.41356873512268, 51.98351047933102, 6.472999329271261, 4.2812663886506925, 2.5482596249752305, 0.8220212113938032]
---------------------
the FedCav is training now....
---------------------
local model training finished, the epoch loss is [142.26688981056213, 43.41490921750665, 4.278522712813356, 2.547356815073954, 0.6073894101973565, 0.6017404452991286]
---------------------
the FedProx is training now....
---------------------
local model training finished, the epoch loss is [133.27582025527954, 46.87379137426615, 19.45403368398547, 13.54839675873518, 17.939254952594638, 13.774505320936441]
tensor([0.1561, 0.0250, 0.1561, 0.1561, 0.0067, 0.0062, 0.0255, 0.1561, 0.1561,
        0.1561])
|---- Training Result in epoch 1 global rounds:
|------ FedAvg ------|
whole test set Accuracy: 16.65%
whole test set Loss: 178.11
|------ FedCav ------|
whole test set Accuracy: 21.20%
whole test set Loss: 176.68
|------ FedProx ------|
whole test set Accuracy: 11.71%
whole test set Loss: 181.37

 | Global Training Round : 2 |

----------------------------------------------------
Client 71 training......
---------------------
the FedAvg is training now....
---------------------
local model training finished, the epoch loss is [165.9214220046997, 37.50551222830836, 4.9768173200282035, 3.3444581735479915, 1.493152178467426, 0.950309787785045]
---------------------
the FedCav is training now....
---------------------
local model training finished, the epoch loss is [182.46040058135986, 46.51297484524548, 8.886354597983882, 6.191661553224549, 1.515813321690075, 2.104321050657745]
---------------------
the FedProx is training now....
---------------------
local model training finished, the epoch loss is [170.6269121170044, 48.90862151235342, 25.04264294821769, 38.009795267134905, 22.120133658871055, 39.760929653886706]
----------------------------------------------------
Client 96 training......
---------------------
the FedAvg is training now....
---------------------
local model training finished, the epoch loss is [165.60319328308105, 43.873765050433576, 0.9663723382054741, 0.08044587831318495, 0.0975223314512732, 0.1627074654429741]
---------------------
the FedCav is training now....
---------------------
local model training finished, the epoch loss is [182.12149596214294, 42.86916198651306, 6.243180787381789, 2.3017705046295305, 0.0710369620437632, 0.015082975518680541]
---------------------
the FedProx is training now....
---------------------
local model training finished, the epoch loss is [171.07065296173096, 43.8264774531126, 26.91251171194017, 52.64942321181297, 26.331466048955917, 31.10324416682124]
----------------------------------------------------
Client 73 training......
---------------------
the FedAvg is training now....
---------------------
local model training finished, the epoch loss is [177.3861563205719, 26.021786592914438, 0.036339149884383914, 0.012240448855358466, 0.006147480874517441, 0.004622094670750698]
---------------------
the FedCav is training now....
---------------------
local model training finished, the epoch loss is [172.31030178070068, 24.36806331603293, 0.16846282738333684, 0.024421845240794937, 0.007652635779322736, 0.00498443952631078]
---------------------
the FedProx is training now....
---------------------
local model training finished, the epoch loss is [178.18521237373352, 27.43641113024205, 11.114387100562453, 7.935707429423928, 10.482413432560861, 12.582262132549658]
----------------------------------------------------
Client 62 training......
---------------------
the FedAvg is training now....
---------------------
local model training finished, the epoch loss is [119.78320038318634, 13.241848496824844, 0.003902820776957583, 0.003186691042127876, 0.0027533394614227547, 0.002438625244039372]
---------------------
the FedCav is training now....
---------------------
local model training finished, the epoch loss is [53.118895292282104, 8.77873768281656, 0.0060585047838799255, 0.004817734133467866, 0.003931147059883955, 0.0033518711330344786]
---------------------
the FedProx is training now....
---------------------
local model training finished, the epoch loss is [121.22897183895111, 17.136531761381775, 5.970435787923634, 5.680125615559518, 5.144165465608239, 6.682646992616355]
----------------------------------------------------
Client 90 training......
---------------------
the FedAvg is training now....
---------------------
local model training finished, the epoch loss is [145.59868550300598, 25.790962568949908, 2.183904328296194, 0.3697709995576588, 0.10035027206626523, 0.0480054883403227]
---------------------
the FedCav is training now....
---------------------
local model training finished, the epoch loss is [104.69118213653564, 18.981933583447244, 0.7970032360681216, 0.06325272897809597, 0.02779124490042406, 0.020323761512884175]
---------------------
the FedProx is training now....
---------------------
local model training finished, the epoch loss is [140.99180030822754, 27.2079309951514, 20.67394470795989, 16.9221197264269, 13.195030116476119, 16.058365676552057]
----------------------------------------------------
Client 1 training......
---------------------
the FedAvg is training now....
---------------------
local model training finished, the epoch loss is [159.10335302352905, 22.022856441853946, 3.0087548853589396, 0.6990921928513671, 0.13620750669770132, 0.09435259183842248]
---------------------
the FedCav is training now....
---------------------
local model training finished, the epoch loss is [189.32823157310486, 35.18117537259968, 1.7838131474600232, 1.2250331673615165, 0.19370014985756967, 0.05227658471956076]
---------------------
the FedProx is training now....
---------------------
local model training finished, the epoch loss is [144.28682661056519, 24.014221804216504, 14.216999963857234, 12.102464037016034, 14.243654701858759, 20.589846913702786]
----------------------------------------------------
Client 43 training......
---------------------
the FedAvg is training now....
---------------------
local model training finished, the epoch loss is [140.52540564537048, 16.164998170846786, 0.692586374529899, 0.3904281297537704, 1.1247593726669152, 0.2266486489388626]
---------------------
the FedCav is training now....
---------------------
local model training finished, the epoch loss is [97.44824576377869, 9.802804325165653, 1.8521832537275316, 0.03476807365336754, 0.011289162382432494, 0.006680084215041404]
---------------------
the FedProx is training now....
---------------------
local model training finished, the epoch loss is [140.5857195854187, 36.486503874650225, 12.182108093053102, 14.561570602469146, 16.032398486044258, 9.862766251899302]
----------------------------------------------------
Client 78 training......
---------------------
the FedAvg is training now....
---------------------
local model training finished, the epoch loss is [155.73479056358337, 20.573248013428383, 0.015691799941123463, 0.004602059381795698, 0.003505586306346231, 0.0028948539729753975]
---------------------
the FedCav is training now....
---------------------
local model training finished, the epoch loss is [164.48353242874146, 50.347837427404556, 6.078487584471077, 0.00015516228609158134, 0.00010782445923496198, 9.460415208195627e-05]
---------------------
the FedProx is training now....
---------------------
local model training finished, the epoch loss is [152.7532036304474, 27.655802182853222, 10.561596905812621, 9.925410699099302, 9.76354232057929, 7.80396531522274]
----------------------------------------------------
Client 58 training......
---------------------
the FedAvg is training now....
---------------------
local model training finished, the epoch loss is [69.09640431404114, 11.181499368074583, 1.2521617616687308, 0.10584397627935616, 0.03291040130056899, 0.017105962441974043]
---------------------
the FedCav is training now....
---------------------
local model training finished, the epoch loss is [153.59308290481567, 14.992543351745667, 0.7635631300072419, 0.08636046596411973, 1.4576633646997834, 0.417939623217535]
---------------------
the FedProx is training now....
---------------------
local model training finished, the epoch loss is [109.52181506156921, 27.80338121391833, 20.652017638087273, 25.604052279144526, 14.263532205484807, 20.50390857225284]
----------------------------------------------------
Client 91 training......
---------------------
the FedAvg is training now....
---------------------
local model training finished, the epoch loss is [128.90851211547852, 13.791804805166976, 0.27730819985799826, 0.04423260579635624, 0.023854944744201134, 0.015286485882182177]
---------------------
the FedCav is training now....
---------------------
local model training finished, the epoch loss is [108.61146199703217, 19.109165620511703, 0.43065438295161584, 0.07227000675502282, 0.008672810074642712, 0.006620208280917694]
---------------------
the FedProx is training now....
---------------------
local model training finished, the epoch loss is [133.19137811660767, 27.648446002975106, 11.041971903294325, 8.604478071443737, 19.02210772037506, 8.229851244483143]
tensor([1.6667e-01, 1.6667e-01, 1.6667e-01, 1.3652e-39, 3.4099e-17, 1.6667e-01,
        2.4388e-20, 1.6667e-01, 1.6667e-01, 1.7191e-15])
|---- Training Result in epoch 2 global rounds:
|------ FedAvg ------|
whole test set Accuracy: 35.73%
whole test set Loss: 153.11
|------ FedCav ------|
whole test set Accuracy: 25.27%
whole test set Loss: 186.54
|------ FedProx ------|
whole test set Accuracy: 23.34%
whole test set Loss: 167.27

 | Global Training Round : 3 |

----------------------------------------------------
Client 39 training......
---------------------
the FedAvg is training now....
---------------------
local model training finished, the epoch loss is [144.28902852535248, 12.16519604347718, 2.6289894530311244, 0.10248226033581886, 0.08190734667955724, 0.8792775256604486]
---------------------
the FedCav is training now....
---------------------
local model training finished, the epoch loss is [176.2822334766388, 24.80542447363655, 6.085430721989159, 0.13249282380181882, 0.1291322655529541, 0.004895184637380368]
---------------------
the FedProx is training now....
---------------------
local model training finished, the epoch loss is [143.8556523323059, 22.209695040481165, 16.68036096729338, 12.117081393487751, 15.76216957718134, 18.022404444869608]
----------------------------------------------------
Client 42 training......
---------------------
the FedAvg is training now....
---------------------
local model training finished, the epoch loss is [62.144283294677734, 13.94928258770392, 1.1907329408186342, 0.2846330435481832, 0.8240727514992159, 0.05809404136266494]
---------------------
the FedCav is training now....
---------------------
local model training finished, the epoch loss is [179.63025450706482, 35.464238319778815, 3.257675862230826, 0.6276186135946773, 0.10143419029373035, 0.06470385334068851]
---------------------
the FedProx is training now....
---------------------
local model training finished, the epoch loss is [94.64676105976105, 18.674181582406163, 14.591640321275918, 12.252499590162188, 10.489391640760005, 16.520336874295026]
----------------------------------------------------
Client 22 training......
---------------------
the FedAvg is training now....
---------------------
local model training finished, the epoch loss is [88.64296436309814, 12.091975626963812, 2.206625060760416, 1.155152692925185, 0.672872568577759, 0.04817975008927533]
---------------------
the FedCav is training now....
---------------------
local model training finished, the epoch loss is [68.90782123804092, 23.217169932416937, 5.248328070703195, 1.1155993731226772, 0.20603652901991154, 0.11012386522816087]
---------------------
the FedProx is training now....
---------------------
local model training finished, the epoch loss is [137.57167959213257, 22.43785200966522, 13.360422246623784, 11.508291735779494, 15.477374187670648, 17.98273662198335]
----------------------------------------------------
Client 13 training......
---------------------
the FedAvg is training now....
---------------------
local model training finished, the epoch loss is [109.78072893619537, 9.870085267973991, 1.193556903184799, 0.7464660388918674, 1.1708896177933639, 0.06490618833981898]
---------------------
the FedCav is training now....
---------------------
local model training finished, the epoch loss is [154.06431365013123, 22.17276844425396, 2.652183609203348, 1.401730523280719, 0.7869521626726055, 0.6675529929041772]
---------------------
the FedProx is training now....
---------------------
local model training finished, the epoch loss is [128.08003091812134, 21.06025069928728, 19.701479779863803, 15.316062239580788, 8.400235738954507, 10.708123581833206]
----------------------------------------------------
Client 41 training......
---------------------
the FedAvg is training now....
---------------------
local model training finished, the epoch loss is [29.377260446548462, 3.048105502733037, 0.5650483814830523, 0.08040442479684273, 0.03984717870567778, 0.01685596046777782]
---------------------
the FedCav is training now....
---------------------
local model training finished, the epoch loss is [159.35513305664062, 16.673660418667758, 1.2201835405461168, 1.7352222781158329, 0.20935789942946315, 0.07752581197904007]
---------------------
the FedProx is training now....
---------------------
local model training finished, the epoch loss is [83.97093057632446, 12.239323233254254, 6.615200947970152, 10.980536966584623, 9.896250214311294, 7.597271044738591]
----------------------------------------------------
Client 29 training......
---------------------
the FedAvg is training now....
---------------------
local model training finished, the epoch loss is [156.22901439666748, 31.31507101873285, 5.209993557116832, 1.9145252042508218, 1.5469693309205468, 0.7128055036509977]
---------------------
the FedCav is training now....
---------------------
local model training finished, the epoch loss is [135.88373160362244, 29.723107799887657, 4.461439541191794, 1.5221565649626427, 1.2678941240410495, 0.3391726390327676]
---------------------
the FedProx is training now....
---------------------
local model training finished, the epoch loss is [148.29441785812378, 40.95929357409477, 39.775761813347344, 47.61234225332737, 33.55988363176584, 34.94275359250605]
----------------------------------------------------
Client 49 training......
---------------------
the FedAvg is training now....
---------------------
local model training finished, the epoch loss is [96.63874995708466, 15.327066644327715, 2.2510697809120757, 1.7220269340250525, 0.554253680815691, 0.6574960027431871]
---------------------
the FedCav is training now....
---------------------
local model training finished, the epoch loss is [68.20048302412033, 16.739929422503337, 2.3909404957084917, 1.5106602740779635, 1.9105186405686254, 0.5538602690869538]
---------------------
the FedProx is training now....
---------------------
local model training finished, the epoch loss is [145.3494429588318, 35.09168756380677, 19.3014654815197, 19.66181529685855, 23.56813634093851, 35.55882854014635]
----------------------------------------------------
Client 71 training......
---------------------
the FedAvg is training now....
---------------------
local model training finished, the epoch loss is [58.13277804851532, 11.246567994938232, 4.430229710473213, 2.012679916155321, 1.1404518694216677, 0.902585752417508]
---------------------
the FedCav is training now....
---------------------
local model training finished, the epoch loss is [50.75264108181, 7.656359059078568, 4.381644289250289, 3.4016203680221224, 1.6543751334254466, 0.7686192287169433]
---------------------
the FedProx is training now....
---------------------
local model training finished, the epoch loss is [126.69244134426117, 59.72814401239157, 25.54489117115736, 24.35140006709844, 24.849842999130487, 23.52602928876877]
----------------------------------------------------
Client 70 training......
---------------------
the FedAvg is training now....
---------------------
local model training finished, the epoch loss is [98.46286106109619, 13.862811715454882, 3.516942431393545, 2.2203860559820896, 1.6877169397002945, 1.123454905968174]
---------------------
the FedCav is training now....
---------------------
local model training finished, the epoch loss is [87.2976526916027, 23.715550953056663, 3.278413979904144, 1.630452185509057, 2.028606166951249, 1.2257060621759592]
---------------------
the FedProx is training now....
---------------------
local model training finished, the epoch loss is [146.21598744392395, 39.525577522814274, 19.33041652292013, 19.530236199498177, 18.511779468506575, 20.064844362437725]
----------------------------------------------------
Client 25 training......
---------------------
the FedAvg is training now....
---------------------
local model training finished, the epoch loss is [157.713773727417, 14.647044655910577, 2.518520267843087, 2.0287601002062843, 0.49240969230811515, 0.2714658326223116]
---------------------
the FedCav is training now....
---------------------
local model training finished, the epoch loss is [152.15860509872437, 27.90410560676537, 3.3911832542798948, 2.0439567231514957, 1.2078106056414981, 0.7997864252267846]
---------------------
the FedProx is training now....
---------------------
local model training finished, the epoch loss is [149.10310220718384, 20.012294284068048, 20.499679073458537, 17.66429071687162, 13.056948624551296, 18.724677517428063]
tensor([1.6667e-01, 1.6667e-01, 4.1679e-25, 1.6667e-01, 1.6667e-01, 1.6667e-01,
        2.0546e-25, 5.4352e-33, 4.0412e-17, 1.6667e-01])
|---- Training Result in epoch 3 global rounds:
|------ FedAvg ------|
whole test set Accuracy: 45.03%
whole test set Loss: 117.39
|------ FedCav ------|
whole test set Accuracy: 42.81%
whole test set Loss: 158.46
|------ FedProx ------|
whole test set Accuracy: 15.65%
whole test set Loss: 159.10

 | Global Training Round : 4 |

----------------------------------------------------
Client 73 training......
---------------------
the FedAvg is training now....
---------------------
local model training finished, the epoch loss is [37.28698915243149, 7.309802918866952, 1.3144805819265457, 0.016454268954191775, 0.00921852709083737, 0.006604701865626339]
---------------------
the FedCav is training now....
---------------------
local model training finished, the epoch loss is [177.46084249019623, 17.7570502082274, 0.0040032514108716555, 0.000741915478279509, 0.0003920777418393584, 0.00028020409087758935]
---------------------
the FedProx is training now....
---------------------
local model training finished, the epoch loss is [69.69307243824005, 15.982865567773842, 9.63690901082009, 5.980259450734593, 3.8895590929314494, 7.572482400806621]
----------------------------------------------------
Client 57 training......
---------------------
the FedAvg is training now....
---------------------
local model training finished, the epoch loss is [180.62078976631165, 18.6262489263954, 0.9628397645556106, 0.4811149031702655, 0.44379569532156893, 0.22338596729940718]
---------------------
the FedCav is training now....
---------------------
local model training finished, the epoch loss is [184.04648613929749, 22.39983708859654, 1.5153725914626932, 0.9678851114663303, 0.6313821820268544, 0.6115175457529372]
---------------------
the FedProx is training now....
---------------------
local model training finished, the epoch loss is [158.15740394592285, 21.91931184567511, 11.134846881876001, 10.980412506498396, 23.019357110373676, 29.333215985636343]
----------------------------------------------------
Client 18 training......
---------------------
the FedAvg is training now....
---------------------
local model training finished, the epoch loss is [96.70296335220337, 6.778112096029076, 0.3025105803860697, 0.07806674501983935, 0.014554044305839398, 0.010032173791245214]
---------------------
the FedCav is training now....
---------------------
local model training finished, the epoch loss is [41.51341351866722, 4.235343320245768, 0.5075801063318863, 0.03842889710813324, 0.013392013015533166, 0.008762288517687011]
---------------------
the FedProx is training now....
---------------------
local model training finished, the epoch loss is [97.35758125782013, 13.496747396420687, 11.508224494988099, 9.157854702323675, 8.64664758509025, 12.708708162535913]
----------------------------------------------------
Client 6 training......
---------------------
the FedAvg is training now....
---------------------
local model training finished, the epoch loss is [167.93096601963043, 11.027481670550088, 2.090857919234878, 0.2709569349734693, 0.040018168675942434, 0.023891009771375593]
---------------------
the FedCav is training now....
---------------------
local model training finished, the epoch loss is [166.96107506752014, 20.264262373388192, 0.6499507909287487, 0.4873608143351795, 0.10814449661746295, 0.019019306903032884]
---------------------
the FedProx is training now....
---------------------
local model training finished, the epoch loss is [154.53926277160645, 13.860207364428788, 14.509392563486472, 12.200821425765753, 11.230398986604996, 14.627040557563305]
----------------------------------------------------
Client 4 training......
---------------------
the FedAvg is training now....
---------------------
local model training finished, the epoch loss is [75.27494144439697, 17.739969059824944, 2.145416775551894, 0.6463619015412405, 0.11011606925853812, 0.03935144251346401]
---------------------
the FedCav is training now....
---------------------
local model training finished, the epoch loss is [79.51727485656738, 10.845323705950022, 2.8738279339486326, 0.2442475239244004, 0.06492787161948854, 0.034018831339380995]
---------------------
the FedProx is training now....
---------------------
local model training finished, the epoch loss is [139.40236830711365, 39.29773151129484, 40.68534076213837, 30.724498216062784, 34.320594247896224, 33.11846612393856]
----------------------------------------------------
Client 36 training......
---------------------
the FedAvg is training now....
---------------------
local model training finished, the epoch loss is [40.905513018369675, 5.649460432244695, 0.6509883911385259, 0.1691613153579965, 0.05040635422028572, 0.02567086257110418]
---------------------
the FedCav is training now....
---------------------
local model training finished, the epoch loss is [66.0360626578331, 7.237527148535843, 1.135406799359771, 0.35648842146747484, 0.08020410583964122, 0.03876793360714714]
---------------------
the FedProx is training now....
---------------------
local model training finished, the epoch loss is [113.31519091129303, 9.226113107491983, 5.9259243288543075, 5.790859819855541, 5.632979090325534, 6.720689491136]
----------------------------------------------------
Client 64 training......
---------------------
the FedAvg is training now....
---------------------
local model training finished, the epoch loss is [38.17604547739029, 7.7656733792427985, 2.282096882697772, 0.13339034104683378, 0.02809781377800391, 0.014431788688057168]
---------------------
the FedCav is training now....
---------------------
local model training finished, the epoch loss is [81.77597522735596, 8.961462593621448, 1.8615873065227788, 0.042269052339520385, 0.004565901544385298, 0.0037717877161504987]
---------------------
the FedProx is training now....
---------------------
local model training finished, the epoch loss is [115.18943178653717, 13.865947551093996, 12.202864362858236, 9.528050320222974, 17.15383257670328, 17.73431543575134]
----------------------------------------------------
Client 28 training......
---------------------
the FedAvg is training now....
---------------------
local model training finished, the epoch loss is [82.43912780284882, 9.342308942061209, 0.9152823462791275, 0.27239101464169835, 0.14485264906750217, 0.03164341185754438]
---------------------
the FedCav is training now....
---------------------
local model training finished, the epoch loss is [62.20068407058716, 8.288706352992563, 0.9523513059357356, 0.422220229959521, 0.03356030385268127, 0.015904724479952392]
---------------------
the FedProx is training now....
---------------------
local model training finished, the epoch loss is [141.97844982147217, 13.99913846468553, 17.890721837058663, 12.27349329739809, 20.13740735353349, 15.944435867713764]
----------------------------------------------------
Client 30 training......
---------------------
the FedAvg is training now....
---------------------
local model training finished, the epoch loss is [178.16694974899292, 15.09614095982397, 1.4719645245058928, 1.318940213703172, 0.27191109566683735, 0.11530371837238818]
---------------------
the FedCav is training now....
---------------------
local model training finished, the epoch loss is [196.1769232749939, 23.83223319392164, 2.2768138741521398, 1.0671145256283125, 0.7130188229875785, 0.5940441796414007]
---------------------
the FedProx is training now....
---------------------
local model training finished, the epoch loss is [163.8127956390381, 13.967617730726488, 8.459603225812316, 11.234258607029915, 11.67395175434649, 15.280691015417688]
----------------------------------------------------
Client 31 training......
---------------------
the FedAvg is training now....
---------------------
local model training finished, the epoch loss is [169.20978116989136, 16.16013697493163, 1.322608472196407, 0.5097545592167023, 0.03862403029246053, 0.019525360198095143]
---------------------
the FedCav is training now....
---------------------
local model training finished, the epoch loss is [169.9212019443512, 19.375812547261035, 1.760553582898865, 0.4764045684747771, 0.17239044562768413, 0.04083158741863713]
---------------------
the FedProx is training now....
---------------------
local model training finished, the epoch loss is [152.72865104675293, 15.980459011974744, 9.909407116472721, 16.216279665954062, 10.99690107407514, 13.439137223176658]
tensor([2.0000e-01, 2.0000e-01, 1.2662e-36, 2.0000e-01, 4.0493e-20, 5.6567e-26,
        3.8754e-19, 1.2215e-27, 2.0000e-01, 2.0000e-01])
|---- Training Result in epoch 4 global rounds:
|------ FedAvg ------|
whole test set Accuracy: 38.03%
whole test set Loss: 153.75
|------ FedCav ------|
whole test set Accuracy: 23.04%
whole test set Loss: 347.32
|------ FedProx ------|
whole test set Accuracy: 28.67%
whole test set Loss: 136.35

 | Global Training Round : 5 |

----------------------------------------------------
Client 16 training......
---------------------
the FedAvg is training now....
---------------------
local model training finished, the epoch loss is [173.10429871082306, 9.59011046164764, 0.8913094907911727, 0.5152102324747823, 0.4464841387751157, 0.3445437236354074]
---------------------
the FedCav is training now....
---------------------
local model training finished, the epoch loss is [410.072172164917, 25.18825705803212, 0.5358201992836484, 0.1263062850134169, 0.1194903073230087, 0.6351488903452207]
---------------------
the FedProx is training now....
---------------------
local model training finished, the epoch loss is [100.55842995643616, 9.280212155892514, 5.608081400685478, 5.132222134969197, 10.206924927188084, 7.54369578580372]
----------------------------------------------------
Client 84 training......
---------------------
the FedAvg is training now....
---------------------
local model training finished, the epoch loss is [29.25409910827875, 3.810505104269282, 0.083817441510746, 0.015600442879531329, 0.009403754150469013, 0.006745542604392085]
---------------------
the FedCav is training now....
---------------------
local model training finished, the epoch loss is [50.75595230555737, 6.82291128745419, 0.04320972736610429, 0.01393836857283759, 0.00974801748949261, 0.007331154505816784]
---------------------
the FedProx is training now....
---------------------
local model training finished, the epoch loss is [55.530366122722626, 14.737599623505957, 7.383260386064649, 9.590067497454584, 13.536909087561071, 10.942625736352056]
----------------------------------------------------
Client 67 training......
---------------------
the FedAvg is training now....
---------------------
local model training finished, the epoch loss is [203.3568561077118, 10.900222986454423, 0.10125299952858313, 0.03626698055958144, 0.022116910524317746, 0.016244072272854737]
---------------------
the FedCav is training now....
---------------------
local model training finished, the epoch loss is [457.25491523742676, 34.03364905907641, 1.4503377814947669, 1.2565823159570755, 0.8627227605320513, 0.08798210967346165]
---------------------
the FedProx is training now....
---------------------
local model training finished, the epoch loss is [118.36090695858002, 12.817071054130793, 10.761270999908447, 15.950045434525236, 13.03987709095236, 10.266599860973656]
----------------------------------------------------
Client 22 training......
---------------------
the FedAvg is training now....
---------------------
local model training finished, the epoch loss is [77.19556832313538, 7.230104993483195, 6.367142547325784, 0.4942528950136875, 0.8713679039643694, 0.7081490523634955]
---------------------
the FedCav is training now....
---------------------
local model training finished, the epoch loss is [163.52088451385498, 12.986400822614518, 1.671931977296481, 0.6223017909884945, 0.30929103491332555, 0.25493049842498294]
---------------------
the FedProx is training now....
---------------------
local model training finished, the epoch loss is [123.22478830814362, 14.605458212085068, 9.358502348419279, 14.20841404190287, 9.215962348505855, 15.770864461548626]
----------------------------------------------------
Client 80 training......
---------------------
the FedAvg is training now....
---------------------
local model training finished, the epoch loss is [37.95824090205133, 5.580578913464706, 0.130150888220669, 0.024633453585693132, 0.01632661423235504, 0.011509860397495686]
---------------------
the FedCav is training now....
---------------------
local model training finished, the epoch loss is [98.13944118641066, 10.047565536882558, 0.6539135277817252, 0.07436774506106758, 0.007246506632661465, 0.005667985303240641]
---------------------
the FedProx is training now....
---------------------
local model training finished, the epoch loss is [63.50048452615738, 14.882045411697618, 11.71952451649122, 11.711294218624971, 14.642477180343121, 10.229894251038786]
----------------------------------------------------
Client 4 training......
---------------------
the FedAvg is training now....
---------------------
local model training finished, the epoch loss is [171.8217101097107, 15.872363583170227, 2.014029466054126, 0.48005290316541505, 0.08208999856287846, 0.01762310653828081]
---------------------
the FedCav is training now....
---------------------
local model training finished, the epoch loss is [345.93799018859863, 50.42027089558542, 6.34227125410689, 1.3402600469853496, 0.8508491858849361, 0.5711338175278229]
---------------------
the FedProx is training now....
---------------------
local model training finished, the epoch loss is [138.65135216712952, 37.112428329885006, 46.487083032683586, 49.083232782781124, 62.13244082033634, 56.349378645420074]
----------------------------------------------------
Client 34 training......
---------------------
the FedAvg is training now....
---------------------
local model training finished, the epoch loss is [33.91263866238296, 4.2439241315423715, 1.178490652510078, 0.49049941653672136, 0.05420457483725727, 0.015613414015540172]
---------------------
the FedCav is training now....
---------------------
local model training finished, the epoch loss is [60.368667920938606, 7.891320183084769, 0.5156637315495658, 0.15065533458532343, 0.02572488426060815, 0.013618480954102452]
---------------------
the FedProx is training now....
---------------------
local model training finished, the epoch loss is [59.00180119276047, 16.095241513219662, 11.1988326566061, 17.557777252048254, 15.29809405999066, 12.478361198678613]
----------------------------------------------------
Client 47 training......
---------------------
the FedAvg is training now....
---------------------
local model training finished, the epoch loss is [77.10340350866318, 6.5641378393756895, 1.3598831656379886, 0.9706062823966306, 0.15884505550516792, 0.04995602786008746]
---------------------
the FedCav is training now....
---------------------
local model training finished, the epoch loss is [155.95369338989258, 11.392604166267581, 0.22050769893853328, 0.03857801205715461, 0.018386912890235863, 0.013278935500315114]
---------------------
the FedProx is training now....
---------------------
local model training finished, the epoch loss is [121.91275632381439, 13.91241465182975, 15.912034994456917, 7.012804797384888, 7.762601870112121, 5.696771336719394]
----------------------------------------------------
Client 48 training......
---------------------
the FedAvg is training now....
---------------------
local model training finished, the epoch loss is [63.341728031635284, 2.918629516316976, 0.0289828663895193, 0.00042009643243190453, 0.0003251855123451719, 0.00026684945055599485]
---------------------
the FedCav is training now....
---------------------
local model training finished, the epoch loss is [156.83750569820404, 6.672409980584796, 3.7543063190636907, 0.007908111511277127, 0.005734718325168586, 0.004505370155518662]
---------------------
the FedProx is training now....
---------------------
local model training finished, the epoch loss is [103.83033525943756, 5.7233402577694505, 6.019884603272658, 5.607566898455843, 3.4759359704330564, 5.646333934986615]
----------------------------------------------------
Client 60 training......
---------------------
the FedAvg is training now....
---------------------
local model training finished, the epoch loss is [209.67400765419006, 12.21759229573097, 0.8221410480743572, 0.03271199657478974, 0.01132447701854744, 0.00870569566771806]
---------------------
the FedCav is training now....
---------------------
local model training finished, the epoch loss is [577.0118160247803, 39.90495554906062, 1.4313083183787967, 0.10418738763760871, 0.032018839803541255, 0.01968331882267549]
---------------------
the FedProx is training now....
---------------------
local model training finished, the epoch loss is [113.19828128814697, 10.145531083457172, 5.567306112963706, 7.297360618133098, 4.309317315928638, 7.938859896734357]
tensor([2.5000e-01, 0.0000e+00, 2.5000e-01, 7.7488e-38, 0.0000e+00, 2.5000e-01,
        0.0000e+00, 4.0072e-41, 9.6978e-41, 2.5000e-01])
|---- Training Result in epoch 5 global rounds:
|------ FedAvg ------|
whole test set Accuracy: 68.46%
whole test set Loss: 77.53
|------ FedCav ------|
whole test set Accuracy: 43.73%
whole test set Loss: 147.38
|------ FedProx ------|
whole test set Accuracy: 52.69%
whole test set Loss: 116.67

 | Global Training Round : 1 |

----------------------------------------------------
Client 85 training......
---------------------
the FedAvg is training now....
---------------------
local model training finished, the epoch loss is [135.4073133468628, 44.67011279705912, 4.648710644056337, 1.3316736444539856]
---------------------
the FedCav is training now....
---------------------
local model training finished, the epoch loss is [142.8389275074005, 53.909019857645035, 7.632088654947893, 3.436144385144871]
---------------------
the FedProx is training now....
---------------------
local model training finished, the epoch loss is [140.28146719932556, 47.56110311020166, 20.469178158789873, 17.905679058283567]
----------------------------------------------------
Client 62 training......
---------------------
the FedAvg is training now....
---------------------
local model training finished, the epoch loss is [133.7030816078186, 41.551585932960734, 4.797110416784562, 3.1377735231799306]
---------------------
the FedCav is training now....
---------------------
local model training finished, the epoch loss is [141.67656254768372, 46.02997819450684, 3.921813055931125, 4.049818025428976]
---------------------
the FedProx is training now....
---------------------
local model training finished, the epoch loss is [139.98057198524475, 58.436784975230694, 18.464402610436082, 31.78290857747197]
----------------------------------------------------
Client 90 training......
---------------------
the FedAvg is training now....
---------------------
local model training finished, the epoch loss is [137.25193524360657, 41.97811611054203, 10.285107343542016, 1.1408475669159088]
---------------------
the FedCav is training now....
---------------------
local model training finished, the epoch loss is [135.4062888622284, 48.049457021057606, 4.707177583976581, 1.2743277736277605]
---------------------
the FedProx is training now....
---------------------
local model training finished, the epoch loss is [133.80326318740845, 41.548008443787694, 15.583944350481033, 16.384179811924696]
----------------------------------------------------
Client 14 training......
---------------------
the FedAvg is training now....
---------------------
local model training finished, the epoch loss is [135.80332684516907, 54.660441825166345, 4.431225041775178, 0.84294763217531]
---------------------
the FedCav is training now....
---------------------
local model training finished, the epoch loss is [143.04621624946594, 53.66261725500226, 2.360138467794741, 1.6635262352065183]
---------------------
the FedProx is training now....
---------------------
local model training finished, the epoch loss is [138.3985755443573, 52.73219648748636, 33.080604020971805, 29.298124954104424]
----------------------------------------------------
Client 45 training......
---------------------
the FedAvg is training now....
---------------------
local model training finished, the epoch loss is [144.25343537330627, 44.016180894337595, 5.053964919973986, 2.7255831737651413]
---------------------
the FedCav is training now....
---------------------
local model training finished, the epoch loss is [142.78217720985413, 50.30042461305857, 3.6590310727874567, 2.4936518661095306]
---------------------
the FedProx is training now....
---------------------
local model training finished, the epoch loss is [137.3877763748169, 39.75960083678365, 13.73464896157384, 13.433667551726103]
----------------------------------------------------
Client 27 training......
---------------------
the FedAvg is training now....
---------------------
local model training finished, the epoch loss is [141.67980790138245, 60.857955403625965, 21.73863329323285, 8.078320894142962]
---------------------
the FedCav is training now....
---------------------
local model training finished, the epoch loss is [136.93658709526062, 58.40306204557419, 17.037473557982594, 6.3577115901225625]
---------------------
the FedProx is training now....
---------------------
local model training finished, the epoch loss is [142.20200514793396, 58.16424459218979, 38.19142569601536, 41.492637887597084]
----------------------------------------------------
Client 99 training......
---------------------
the FedAvg is training now....
---------------------
local model training finished, the epoch loss is [144.56639742851257, 51.90537839010358, 6.853959364838602, 0.9677312137794161]
---------------------
the FedCav is training now....
---------------------
local model training finished, the epoch loss is [143.143310546875, 60.16786605119705, 4.135656718761311, 0.12192532648077758]
---------------------
the FedProx is training now....
---------------------
local model training finished, the epoch loss is [135.65097403526306, 51.244678139686584, 18.18048584461212, 22.091566391289234]
----------------------------------------------------
Client 6 training......
---------------------
the FedAvg is training now....
---------------------
local model training finished, the epoch loss is [137.68540835380554, 52.70235155336559, 6.237889098469168, 1.8556351035222178]
---------------------
the FedCav is training now....
---------------------
local model training finished, the epoch loss is [138.11009192466736, 57.05610482767224, 6.810790965915658, 2.4816589076435775]
---------------------
the FedProx is training now....
---------------------
local model training finished, the epoch loss is [144.71988224983215, 47.59446905553341, 24.891777917277068, 19.063662000000477]
----------------------------------------------------
Client 3 training......
---------------------
the FedAvg is training now....
---------------------
local model training finished, the epoch loss is [142.6716284751892, 55.57919783145189, 5.804787604603916, 3.288286744733341]
---------------------
the FedCav is training now....
---------------------
local model training finished, the epoch loss is [136.388929605484, 59.73433989286423, 13.652325313858455, 2.5201062547166657]
---------------------
the FedProx is training now....
---------------------
local model training finished, the epoch loss is [143.20322227478027, 51.866907343268394, 19.61956666968763, 18.51733984053135]
----------------------------------------------------
Client 1 training......
---------------------
the FedAvg is training now....
---------------------
local model training finished, the epoch loss is [142.94580721855164, 58.92207174003124, 14.836290942272171, 5.979308495181613]
---------------------
the FedCav is training now....
---------------------
local model training finished, the epoch loss is [136.4591681957245, 64.86523696035147, 34.53164455294609, 15.151356316055171]
---------------------
the FedProx is training now....
---------------------
local model training finished, the epoch loss is [140.68833255767822, 60.665118373930454, 35.110830321908, 26.117973774671555]
tensor([0.1864, 0.1864, 0.0026, 0.1864, 0.1864, 0.0120, 0.1864, 0.0388, 0.0069,
        0.0075])
|---- Training Result in epoch 1 global rounds:
|------ FedAvg ------|
whole test set Accuracy: 16.98%
whole test set Loss: 173.84
|------ FedCav ------|
whole test set Accuracy: 14.48%
whole test set Loss: 221.88
|------ FedProx ------|
whole test set Accuracy: 16.99%
whole test set Loss: 182.41

 | Global Training Round : 2 |

----------------------------------------------------
Client 88 training......
---------------------
the FedAvg is training now....
---------------------
local model training finished, the epoch loss is [100.58441507816315, 21.66904191946378, 2.676588913454907, 0.6699647680361522]
---------------------
the FedCav is training now....
---------------------
local model training finished, the epoch loss is [73.97696186602116, 17.203394275855317, 2.6085377299168613, 1.4646833387523657]
---------------------
the FedProx is training now....
---------------------
local model training finished, the epoch loss is [145.23774099349976, 34.36938764760271, 28.805377189069986, 31.8886851798743]
----------------------------------------------------
Client 56 training......
---------------------
the FedAvg is training now....
---------------------
local model training finished, the epoch loss is [146.35263895988464, 21.175616929440253, 1.905874325026522, 0.37299904345604773]